C:\USERS\DANIEL\DOCUMENTS\VISUAL STUDIO 2012\PROJECTS\FBXDEMO\FBXDEMO\DEBUG\APPLICATION.OBJ
C:\USERS\DANIEL\DOCUMENTS\VISUAL STUDIO 2012\PROJECTS\FBXDEMO\FBXDEMO\DEBUG\FBXDEMOAPP.OBJ
C:\USERS\DANIEL\DOCUMENTS\VISUAL STUDIO 2012\PROJECTS\FBXDEMO\FBXDEMO\DEBUG\SHADER.OBJ
C:\USERS\DANIEL\DOCUMENTS\VISUAL STUDIO 2012\PROJECTS\FBXDEMO\FBXDEMO\DEBUG\VC110.PDB
C:\USERS\DANIEL\DOCUMENTS\VISUAL STUDIO 2012\PROJECTS\FBXDEMO\DEBUG\FBXDEMO.ILK
C:\USERS\DANIEL\DOCUMENTS\VISUAL STUDIO 2012\PROJECTS\FBXDEMO\DEBUG\FBXDEMO.EXE
C:\USERS\DANIEL\DOCUMENTS\VISUAL STUDIO 2012\PROJECTS\FBXDEMO\DEBUG\FBXDEMO.PDB
C:\Users\daniel\Documents\Visual Studio 2012\Projects\fbxDemo\fbxDemo\Debug\application.obj
C:\Users\daniel\Documents\Visual Studio 2012\Projects\fbxDemo\fbxDemo\Debug\fbxDemoApp.obj
C:\Users\daniel\Documents\Visual Studio 2012\Projects\fbxDemo\fbxDemo\Debug\shader.obj
C:\Users\daniel\Documents\Visual Studio 2012\Projects\fbxDemo\fbxDemo\Debug\cl.command.1.tlog
C:\Users\daniel\Documents\Visual Studio 2012\Projects\fbxDemo\fbxDemo\Debug\CL.read.1.tlog
C:\Users\daniel\Documents\Visual Studio 2012\Projects\fbxDemo\fbxDemo\Debug\CL.write.1.tlog
C:\Users\daniel\Documents\Visual Studio 2012\Projects\fbxDemo\fbxDemo\Debug\link-cvtres.read.1.tlog
C:\Users\daniel\Documents\Visual Studio 2012\Projects\fbxDemo\fbxDemo\Debug\link-cvtres.write.1.tlog
C:\Users\daniel\Documents\Visual Studio 2012\Projects\fbxDemo\fbxDemo\Debug\link-rc.read.1.tlog
C:\Users\daniel\Documents\Visual Studio 2012\Projects\fbxDemo\fbxDemo\Debug\link-rc.write.1.tlog
C:\Users\daniel\Documents\Visual Studio 2012\Projects\fbxDemo\fbxDemo\Debug\link.1040-cvtres.read.1.tlog
C:\Users\daniel\Documents\Visual Studio 2012\Projects\fbxDemo\fbxDemo\Debug\link.1040-cvtres.write.1.tlog
C:\Users\daniel\Documents\Visual Studio 2012\Projects\fbxDemo\fbxDemo\Debug\link.1040-rc.read.1.tlog
C:\Users\daniel\Documents\Visual Studio 2012\Projects\fbxDemo\fbxDemo\Debug\link.1040-rc.write.1.tlog
C:\Users\daniel\Documents\Visual Studio 2012\Projects\fbxDemo\fbxDemo\Debug\link.1040.read.1.tlog
C:\Users\daniel\Documents\Visual Studio 2012\Projects\fbxDemo\fbxDemo\Debug\link.1040.write.1.tlog
C:\Users\daniel\Documents\Visual Studio 2012\Projects\fbxDemo\fbxDemo\Debug\link.1728-cvtres.read.1.tlog
C:\Users\daniel\Documents\Visual Studio 2012\Projects\fbxDemo\fbxDemo\Debug\link.1728-cvtres.write.1.tlog
C:\Users\daniel\Documents\Visual Studio 2012\Projects\fbxDemo\fbxDemo\Debug\link.1728-rc.read.1.tlog
C:\Users\daniel\Documents\Visual Studio 2012\Projects\fbxDemo\fbxDemo\Debug\link.1728-rc.write.1.tlog
C:\Users\daniel\Documents\Visual Studio 2012\Projects\fbxDemo\fbxDemo\Debug\link.1728.read.1.tlog
C:\Users\daniel\Documents\Visual Studio 2012\Projects\fbxDemo\fbxDemo\Debug\link.1728.write.1.tlog
C:\Users\daniel\Documents\Visual Studio 2012\Projects\fbxDemo\fbxDemo\Debug\link.2608-cvtres.read.1.tlog
C:\Users\daniel\Documents\Visual Studio 2012\Projects\fbxDemo\fbxDemo\Debug\link.2608-cvtres.write.1.tlog
C:\Users\daniel\Documents\Visual Studio 2012\Projects\fbxDemo\fbxDemo\Debug\link.2608-rc.read.1.tlog
C:\Users\daniel\Documents\Visual Studio 2012\Projects\fbxDemo\fbxDemo\Debug\link.2608-rc.write.1.tlog
C:\Users\daniel\Documents\Visual Studio 2012\Projects\fbxDemo\fbxDemo\Debug\link.2608.read.1.tlog
C:\Users\daniel\Documents\Visual Studio 2012\Projects\fbxDemo\fbxDemo\Debug\link.2608.write.1.tlog
C:\Users\daniel\Documents\Visual Studio 2012\Projects\fbxDemo\fbxDemo\Debug\link.5572-cvtres.read.1.tlog
C:\Users\daniel\Documents\Visual Studio 2012\Projects\fbxDemo\fbxDemo\Debug\link.5572-cvtres.write.1.tlog
C:\Users\daniel\Documents\Visual Studio 2012\Projects\fbxDemo\fbxDemo\Debug\link.5572-rc.read.1.tlog
C:\Users\daniel\Documents\Visual Studio 2012\Projects\fbxDemo\fbxDemo\Debug\link.5572-rc.write.1.tlog
C:\Users\daniel\Documents\Visual Studio 2012\Projects\fbxDemo\fbxDemo\Debug\link.5572.read.1.tlog
C:\Users\daniel\Documents\Visual Studio 2012\Projects\fbxDemo\fbxDemo\Debug\link.5572.write.1.tlog
C:\Users\daniel\Documents\Visual Studio 2012\Projects\fbxDemo\fbxDemo\Debug\link.command.1.tlog
C:\Users\daniel\Documents\Visual Studio 2012\Projects\fbxDemo\fbxDemo\Debug\link.read.1.tlog
C:\Users\daniel\Documents\Visual Studio 2012\Projects\fbxDemo\fbxDemo\Debug\link.write.1.tlog
C:\Users\daniel\Documents\Visual Studio 2012\Projects\fbxDemo\fbxDemo\Debug\vc110.idb
C:\Users\daniel\Documents\Visual Studio 2012\Projects\fbxDemo\fbxDemo\Debug\vc110.pdb
C:\Users\daniel\Documents\Visual Studio 2012\Projects\fbxDemo\Debug\fbxDemo.pdb
C:\Users\daniel\Documents\Visual Studio 2012\Projects\fbxDemo\Debug\fbxDemo.exe
C:\Users\daniel\Documents\Visual Studio 2012\Projects\fbxDemo\Debug\fbxDemo.ilk
